<?xml version="1.0" encoding="UTF-8"?>
<!-- Generated by org.testng.reporters.JUnitReportReporter -->
<testsuite hostname="ANAKHA" failures="0" tests="2" name="testscript.AdminUserTest" time="9.383" errors="0" timestamp="2025-02-18T18:35:45 IST" skipped="0">
  <testcase classname="testscript.AdminUserTest" name="verifyUseIsAbleToUpdateTheUserName" time="5.119"/>
  <testcase classname="testscript.AdminUserTest" name="verifyUseIsAbleToDeleteTheUserName" time="4.264"/>
</testsuite> <!-- testscript.AdminUserTest -->
