<?xml version="1.0" encoding="UTF-8"?>
<!-- Generated by org.testng.reporters.JUnitReportReporter -->
<testsuite hostname="ANAKHA" failures="0" tests="4" name="testCases.Login" time="26.195" errors="0" timestamp="2025-02-03T22:45:43 IST" skipped="0">
  <testcase classname="testCases.Login" name="testInvalidUsernameValidPassword" time="5.612"/>
  <testcase classname="testCases.Login" name="testValidUsernameInValidPassword" time="9.073"/>
  <testcase classname="testCases.Login" name="testInValidUsernameInValidPassword" time="6.918"/>
  <testcase classname="testCases.Login" name="testSuccessfullLogin" time="4.592"/>
</testsuite> <!-- testCases.Login -->
