<?xml version="1.0" encoding="UTF-8"?>
<!-- Generated by org.testng.reporters.JUnitReportReporter -->
<testsuite hostname="ANAKHA" failures="0" tests="3" name="testscript.LoginTest" time="11.767" errors="0" timestamp="2025-02-14T08:02:39 IST" skipped="0">
  <testcase classname="testscript.LoginTest" name="verifyUserLoginWithInvalidUserNameAndInvalidPassword" time="3.705"/>
  <testcase classname="testscript.LoginTest" name="verifyUserLoginWithInvalidUserNameAndInvalidPassword" time="4.194"/>
  <testcase classname="testscript.LoginTest" name="verifyUserLoginWithInvalidUserNameAndInvalidPassword" time="3.868"/>
</testsuite> <!-- testscript.LoginTest -->
