<?xml version="1.0" encoding="UTF-8"?>
<!-- Generated by org.testng.reporters.JUnitReportReporter -->
<testsuite hostname="ANAKHA" failures="0" tests="1" name="testscript.Login" time="5.357" errors="0" timestamp="2025-02-04T06:41:00 IST" skipped="0">
  <testcase classname="testscript.Login" name="verifyValidUserNameAndValidPassword" time="5.357"/>
</testsuite> <!-- testscript.Login -->
