<?xml version="1.0" encoding="UTF-8"?>
<!-- Generated by org.testng.reporters.JUnitReportReporter -->
<testsuite hostname="ANAKHA" failures="0" tests="1" name="testCases.LoginTest" time="9.453" errors="0" timestamp="2025-02-03T22:44:47 IST" skipped="0">
  <testcase classname="testCases.LoginTest" name="testSuccessfullLogin" time="9.453"/>
</testsuite> <!-- testCases.LoginTest -->
