<?xml version="1.0" encoding="UTF-8"?>
<!-- Generated by org.testng.reporters.JUnitReportReporter -->
<testsuite hostname="ANAKHA" failures="0" tests="1" name="testscript.SubCategoryTest" time="6.770" errors="0" timestamp="2025-02-17T22:42:12 IST" skipped="0">
  <testcase classname="testscript.SubCategoryTest" name="verifyWheatherUserCanCreateNewSubCategory" time="6.770"/>
</testsuite> <!-- testscript.SubCategoryTest -->
