<?xml version="1.0" encoding="UTF-8"?>
<!-- Generated by org.testng.reporters.JUnitReportReporter -->
<testsuite hostname="ANAKHA" failures="0" tests="1" name="testscript.ManageNewsTest" time="4.860" errors="0" timestamp="2025-02-18T20:48:53 IST" skipped="0">
  <testcase classname="testscript.ManageNewsTest" name="VerifywhetherTheAdminIsAbleToDeleteTheNews" time="4.860"/>
</testsuite> <!-- testscript.ManageNewsTest -->
